# JRE version: OpenJDK Runtime Environment Microsoft-8035246 (17.0.8+7) (build 17.0.8+7-LTS)
# Java VM: OpenJDK 64-Bit Server VM Microsoft-8035246 (17.0.8+7-LTS, mixed mode, sharing, tiered, compressed oops, compressed class ptrs, g1 gc, windows-amd64)
GC Precious Log:
 CPUs: 12 total, 12 available
 Memory: 7502M
 Large Page Support: Disabled
 NUMA Support: Disabled
 Compressed Oops: Enabled (32-bit)
 Heap Region Size: 1M
 Heap Min Capacity: 8M
 Heap Initial Capacity: 118M
 Heap Max Capacity: 2G
 Pre-touch: Disabled
 Parallel Workers: 10
 Concurrent Workers: 3
 Concurrent Refinement Workers: 10
 Periodic GC: Disabled
Heap:
 garbage-first heap   total 304128K, used 243228K [0x0000000080000000, 0x0000000100000000)
  region size 1024K, 59 young (60416K), 5 survivors (5120K)
 Metaspace       used 104222K, committed 105216K, reserved 557056K
  class space    used 14240K, committed 14720K, reserved 425984K
GC Heap History (20 events):
Event: 33.902 GC heap before
{Heap before GC invocations=45 (full 0):
 garbage-first heap   total 252928K, used 159481K [0x0000000080000000, 0x0000000100000000)
  region size 1024K, 12 young (12288K), 1 survivors (1024K)
 Metaspace       used 88682K, committed 89536K, reserved 557056K
  class space    used 12276K, committed 12672K, reserved 425984K
}
Event: 33.907 GC heap after
{Heap after GC invocations=46 (full 0):
 garbage-first heap   total 252928K, used 147596K [0x0000000080000000, 0x0000000100000000)
  region size 1024K, 2 young (2048K), 2 survivors (2048K)
 Metaspace       used 88682K, committed 89536K, reserved 557056K
  class space    used 12276K, committed 12672K, reserved 425984K
}
Event: 34.912 GC heap before
{Heap before GC invocations=46 (full 0):
 garbage-first heap   total 252928K, used 193676K [0x0000000080000000, 0x0000000100000000)
  region size 1024K, 47 young (48128K), 2 survivors (2048K)
 Metaspace       used 91711K, committed 92608K, reserved 557056K
  class space    used 12685K, committed 13120K, reserved 425984K
}
Event: 34.918 GC heap after
{Heap after GC invocations=47 (full 0):
 garbage-first heap   total 252928K, used 151218K [0x0000000080000000, 0x0000000100000000)
  region size 1024K, 6 young (6144K), 6 survivors (6144K)
 Metaspace       used 91711K, committed 92608K, reserved 557056K
  class space    used 12685K, committed 13120K, reserved 425984K
}
Event: 35.758 GC heap before
{Heap before GC invocations=47 (full 0):
 garbage-first heap   total 252928K, used 197298K [0x0000000080000000, 0x0000000100000000)
  region size 1024K, 52 young (53248K), 6 survivors (6144K)
 Metaspace       used 94623K, committed 95616K, reserved 557056K
  class space    used 13141K, committed 13632K, reserved 425984K
}
Event: 35.768 GC heap after
{Heap after GC invocations=48 (full 0):
 garbage-first heap   total 252928K, used 158225K [0x0000000080000000, 0x0000000100000000)
  region size 1024K, 7 young (7168K), 7 survivors (7168K)
 Metaspace       used 94623K, committed 95616K, reserved 557056K
  class space    used 13141K, committed 13632K, reserved 425984K
}
Event: 36.592 GC heap before
{Heap before GC invocations=48 (full 0):
 garbage-first heap   total 252928K, used 202257K [0x0000000080000000, 0x0000000100000000)
  region size 1024K, 50 young (51200K), 7 survivors (7168K)
 Metaspace       used 98211K, committed 99136K, reserved 557056K
  class space    used 13577K, committed 14016K, reserved 425984K
}
Event: 36.601 GC heap after
{Heap after GC invocations=49 (full 0):
 garbage-first heap   total 252928K, used 163655K [0x0000000080000000, 0x0000000100000000)
  region size 1024K, 6 young (6144K), 6 survivors (6144K)
 Metaspace       used 98211K, committed 99136K, reserved 557056K
  class space    used 13577K, committed 14016K, reserved 425984K
}
Event: 37.576 GC heap before
{Heap before GC invocations=49 (full 0):
 garbage-first heap   total 252928K, used 204615K [0x0000000080000000, 0x0000000100000000)
  region size 1024K, 46 young (47104K), 6 survivors (6144K)
 Metaspace       used 98834K, committed 99776K, reserved 557056K
  class space    used 13644K, committed 14080K, reserved 425984K
}
Event: 37.585 GC heap after
{Heap after GC invocations=50 (full 0):
 garbage-first heap   total 252928K, used 169419K [0x0000000080000000, 0x0000000100000000)
  region size 1024K, 6 young (6144K), 6 survivors (6144K)
 Metaspace       used 98834K, committed 99776K, reserved 557056K
  class space    used 13644K, committed 14080K, reserved 425984K
}
Event: 38.082 GC heap before
{Heap before GC invocations=50 (full 0):
 garbage-first heap   total 252928K, used 207307K [0x0000000080000000, 0x0000000100000000)
  region size 1024K, 43 young (44032K), 6 survivors (6144K)
 Metaspace       used 100089K, committed 100992K, reserved 557056K
  class space    used 13771K, committed 14208K, reserved 425984K
}
Event: 38.088 GC heap after
{Heap after GC invocations=51 (full 0):
 garbage-first heap   total 252928K, used 173622K [0x0000000080000000, 0x0000000100000000)
  region size 1024K, 5 young (5120K), 5 survivors (5120K)
 Metaspace       used 100089K, committed 100992K, reserved 557056K
  class space    used 13771K, committed 14208K, reserved 425984K
}
Event: 38.434 GC heap before
{Heap before GC invocations=51 (full 0):
 garbage-first heap   total 252928K, used 210486K [0x0000000080000000, 0x0000000100000000)
  region size 1024K, 41 young (41984K), 5 survivors (5120K)
 Metaspace       used 101354K, committed 102336K, reserved 557056K
  class space    used 13946K, committed 14400K, reserved 425984K
}
Event: 38.441 GC heap after
{Heap after GC invocations=52 (full 0):
 garbage-first heap   total 252928K, used 176617K [0x0000000080000000, 0x0000000100000000)
  region size 1024K, 4 young (4096K), 4 survivors (4096K)
 Metaspace       used 101354K, committed 102336K, reserved 557056K
  class space    used 13946K, committed 14400K, reserved 425984K
}
Event: 38.872 GC heap before
{Heap before GC invocations=52 (full 0):
 garbage-first heap   total 252928K, used 211433K [0x0000000080000000, 0x0000000100000000)
  region size 1024K, 39 young (39936K), 4 survivors (4096K)
 Metaspace       used 103431K, committed 104448K, reserved 557056K
  class space    used 14173K, committed 14656K, reserved 425984K
}
Event: 38.880 GC heap after
{Heap after GC invocations=53 (full 0):
 garbage-first heap   total 252928K, used 182045K [0x0000000080000000, 0x0000000100000000)
  region size 1024K, 5 young (5120K), 5 survivors (5120K)
 Metaspace       used 103431K, committed 104448K, reserved 557056K
  class space    used 14173K, committed 14656K, reserved 425984K
}
Event: 39.173 GC heap before
{Heap before GC invocations=53 (full 0):
 garbage-first heap   total 252928K, used 212765K [0x0000000080000000, 0x0000000100000000)
  region size 1024K, 36 young (36864K), 5 survivors (5120K)
 Metaspace       used 103847K, committed 104896K, reserved 557056K
  class space    used 14202K, committed 14720K, reserved 425984K
}
Event: 39.179 GC heap after
{Heap after GC invocations=54 (full 0):
 garbage-first heap   total 252928K, used 185212K [0x0000000080000000, 0x0000000100000000)
  region size 1024K, 4 young (4096K), 4 survivors (4096K)
 Metaspace       used 103847K, committed 104896K, reserved 557056K
  class space    used 14202K, committed 14720K, reserved 425984K
}
Event: 39.481 GC heap before
{Heap before GC invocations=54 (full 0):
 garbage-first heap   total 252928K, used 213884K [0x0000000080000000, 0x0000000100000000)
  region size 1024K, 33 young (33792K), 4 survivors (4096K)
 Metaspace       used 104116K, committed 105088K, reserved 557056K
  class space    used 14240K, committed 14720K, reserved 425984K
}
Event: 39.488 GC heap after
{Heap after GC invocations=55 (full 0):
 garbage-first heap   total 304128K, used 189980K [0x0000000080000000, 0x0000000100000000)
  region size 1024K, 5 young (5120K), 5 survivors (5120K)
 Metaspace       used 104116K, committed 105088K, reserved 557056K
  class space    used 14240K, committed 14720K, reserved 425984K
}

